<?xml version="1.0" encoding="UTF-8"?>
<!-- Generated by org.testng.reporters.JUnitReportReporter -->
<testsuite hostname="DESKTOP-NLDD79T" name="com.eloancn.test.testcase.TestNg" tests="2" failures="0" timestamp="15 Jun 2018 07:24:07 GMT" time="0.002" errors="0">
  <testcase name="test3" time="0.001" classname="com.eloancn.test.testcase.TestNg"/>
  <testcase name="test1" time="0.001" classname="com.eloancn.test.testcase.TestNg"/>
</testsuite> <!-- com.eloancn.test.testcase.TestNg -->
