<?xml version="1.0" encoding="UTF-8"?>
<!-- Generated by org.testng.reporters.JUnitReportReporter -->
<testsuite hostname="DESKTOP-NLDD79T" name="com.eloancn.test.testcase.TransCreditTestCase" tests="1" failures="0" timestamp="12 Sep 2018 09:51:47 GMT" time="5.011" errors="0">
  <testcase name="addTransCreditTrackTest" time="5.011" classname="com.eloancn.test.testcase.TransCreditTestCase"/>
</testsuite> <!-- com.eloancn.test.testcase.TransCreditTestCase -->
